Determining if the pthread_create exist failed with the following output:
Change Dir: /usr/prakt/s153/cuda_ss17/ex6/global+const/build_cmake/CMakeFiles/CMakeTmp

Run Build Command:"/usr/bin/make" "cmTC_a2b16/fast"
/usr/bin/make -f CMakeFiles/cmTC_a2b16.dir/build.make CMakeFiles/cmTC_a2b16.dir/build
make[1]: Entering directory '/usr/prakt/s153/cuda_ss17/ex6/global+const/build_cmake/CMakeFiles/CMakeTmp'
Building C object CMakeFiles/cmTC_a2b16.dir/CheckSymbolExists.c.o
/usr/bin/cc    -fPIC    -o CMakeFiles/cmTC_a2b16.dir/CheckSymbolExists.c.o   -c /usr/prakt/s153/cuda_ss17/ex6/global+const/build_cmake/CMakeFiles/CMakeTmp/CheckSymbolExists.c
Linking C executable cmTC_a2b16
/usr/bin/cmake -E cmake_link_script CMakeFiles/cmTC_a2b16.dir/link.txt --verbose=1
/usr/bin/cc  -fPIC     CMakeFiles/cmTC_a2b16.dir/CheckSymbolExists.c.o  -o cmTC_a2b16 -rdynamic 
CMakeFiles/cmTC_a2b16.dir/CheckSymbolExists.c.o: In function `main':
CheckSymbolExists.c:(.text+0x1b): undefined reference to `pthread_create'
collect2: error: ld returned 1 exit status
CMakeFiles/cmTC_a2b16.dir/build.make:97: recipe for target 'cmTC_a2b16' failed
make[1]: *** [cmTC_a2b16] Error 1
make[1]: Leaving directory '/usr/prakt/s153/cuda_ss17/ex6/global+const/build_cmake/CMakeFiles/CMakeTmp'
Makefile:126: recipe for target 'cmTC_a2b16/fast' failed
make: *** [cmTC_a2b16/fast] Error 2

File /usr/prakt/s153/cuda_ss17/ex6/global+const/build_cmake/CMakeFiles/CMakeTmp/CheckSymbolExists.c:
/* */
#include <pthread.h>

int main(int argc, char** argv)
{
  (void)argv;
#ifndef pthread_create
  return ((int*)(&pthread_create))[argc];
#else
  (void)argc;
  return 0;
#endif
}

Determining if the function pthread_create exists in the pthreads failed with the following output:
Change Dir: /usr/prakt/s153/cuda_ss17/ex6/global+const/build_cmake/CMakeFiles/CMakeTmp

Run Build Command:"/usr/bin/make" "cmTC_36621/fast"
/usr/bin/make -f CMakeFiles/cmTC_36621.dir/build.make CMakeFiles/cmTC_36621.dir/build
make[1]: Entering directory '/usr/prakt/s153/cuda_ss17/ex6/global+const/build_cmake/CMakeFiles/CMakeTmp'
Building C object CMakeFiles/cmTC_36621.dir/CheckFunctionExists.c.o
/usr/bin/cc    -fPIC -DCHECK_FUNCTION_EXISTS=pthread_create   -o CMakeFiles/cmTC_36621.dir/CheckFunctionExists.c.o   -c /usr/share/cmake-3.5/Modules/CheckFunctionExists.c
Linking C executable cmTC_36621
/usr/bin/cmake -E cmake_link_script CMakeFiles/cmTC_36621.dir/link.txt --verbose=1
/usr/bin/cc  -fPIC -DCHECK_FUNCTION_EXISTS=pthread_create    CMakeFiles/cmTC_36621.dir/CheckFunctionExists.c.o  -o cmTC_36621 -rdynamic -lpthreads 
/usr/bin/ld: cannot find -lpthreads
collect2: error: ld returned 1 exit status
CMakeFiles/cmTC_36621.dir/build.make:97: recipe for target 'cmTC_36621' failed
make[1]: *** [cmTC_36621] Error 1
make[1]: Leaving directory '/usr/prakt/s153/cuda_ss17/ex6/global+const/build_cmake/CMakeFiles/CMakeTmp'
Makefile:126: recipe for target 'cmTC_36621/fast' failed
make: *** [cmTC_36621/fast] Error 2


