Determining if the pthread_create exist failed with the following output:
Change Dir: /usr/prakt/s153/cuda_ss17/ex4/build_cmake/CMakeFiles/CMakeTmp

Run Build Command:"/usr/bin/make" "cmTC_ae6a5/fast"
/usr/bin/make -f CMakeFiles/cmTC_ae6a5.dir/build.make CMakeFiles/cmTC_ae6a5.dir/build
make[1]: Entering directory '/usr/prakt/s153/cuda_ss17/ex4/build_cmake/CMakeFiles/CMakeTmp'
Building C object CMakeFiles/cmTC_ae6a5.dir/CheckSymbolExists.c.o
/usr/bin/cc    -fPIC    -o CMakeFiles/cmTC_ae6a5.dir/CheckSymbolExists.c.o   -c /usr/prakt/s153/cuda_ss17/ex4/build_cmake/CMakeFiles/CMakeTmp/CheckSymbolExists.c
Linking C executable cmTC_ae6a5
/usr/bin/cmake -E cmake_link_script CMakeFiles/cmTC_ae6a5.dir/link.txt --verbose=1
/usr/bin/cc  -fPIC     CMakeFiles/cmTC_ae6a5.dir/CheckSymbolExists.c.o  -o cmTC_ae6a5 -rdynamic 
CMakeFiles/cmTC_ae6a5.dir/CheckSymbolExists.c.o: In function `main':
CheckSymbolExists.c:(.text+0x1b): undefined reference to `pthread_create'
collect2: error: ld returned 1 exit status
CMakeFiles/cmTC_ae6a5.dir/build.make:97: recipe for target 'cmTC_ae6a5' failed
make[1]: *** [cmTC_ae6a5] Error 1
make[1]: Leaving directory '/usr/prakt/s153/cuda_ss17/ex4/build_cmake/CMakeFiles/CMakeTmp'
Makefile:126: recipe for target 'cmTC_ae6a5/fast' failed
make: *** [cmTC_ae6a5/fast] Error 2

File /usr/prakt/s153/cuda_ss17/ex4/build_cmake/CMakeFiles/CMakeTmp/CheckSymbolExists.c:
/* */
#include <pthread.h>

int main(int argc, char** argv)
{
  (void)argv;
#ifndef pthread_create
  return ((int*)(&pthread_create))[argc];
#else
  (void)argc;
  return 0;
#endif
}

Determining if the function pthread_create exists in the pthreads failed with the following output:
Change Dir: /usr/prakt/s153/cuda_ss17/ex4/build_cmake/CMakeFiles/CMakeTmp

Run Build Command:"/usr/bin/make" "cmTC_f4401/fast"
/usr/bin/make -f CMakeFiles/cmTC_f4401.dir/build.make CMakeFiles/cmTC_f4401.dir/build
make[1]: Entering directory '/usr/prakt/s153/cuda_ss17/ex4/build_cmake/CMakeFiles/CMakeTmp'
Building C object CMakeFiles/cmTC_f4401.dir/CheckFunctionExists.c.o
/usr/bin/cc    -fPIC -DCHECK_FUNCTION_EXISTS=pthread_create   -o CMakeFiles/cmTC_f4401.dir/CheckFunctionExists.c.o   -c /usr/share/cmake-3.5/Modules/CheckFunctionExists.c
Linking C executable cmTC_f4401
/usr/bin/cmake -E cmake_link_script CMakeFiles/cmTC_f4401.dir/link.txt --verbose=1
/usr/bin/cc  -fPIC -DCHECK_FUNCTION_EXISTS=pthread_create    CMakeFiles/cmTC_f4401.dir/CheckFunctionExists.c.o  -o cmTC_f4401 -rdynamic -lpthreads 
/usr/bin/ld: cannot find -lpthreads
collect2: error: ld returned 1 exit status
CMakeFiles/cmTC_f4401.dir/build.make:97: recipe for target 'cmTC_f4401' failed
make[1]: *** [cmTC_f4401] Error 1
make[1]: Leaving directory '/usr/prakt/s153/cuda_ss17/ex4/build_cmake/CMakeFiles/CMakeTmp'
Makefile:126: recipe for target 'cmTC_f4401/fast' failed
make: *** [cmTC_f4401/fast] Error 2


