Determining if the pthread_create exist failed with the following output:
Change Dir: /usr/prakt/s153/cuda_ss17/ex9/build_cmake/CMakeFiles/CMakeTmp

Run Build Command:"/usr/bin/make" "cmTC_314bd/fast"
/usr/bin/make -f CMakeFiles/cmTC_314bd.dir/build.make CMakeFiles/cmTC_314bd.dir/build
make[1]: Entering directory '/usr/prakt/s153/cuda_ss17/ex9/build_cmake/CMakeFiles/CMakeTmp'
Building C object CMakeFiles/cmTC_314bd.dir/CheckSymbolExists.c.o
/usr/bin/cc    -fPIC    -o CMakeFiles/cmTC_314bd.dir/CheckSymbolExists.c.o   -c /usr/prakt/s153/cuda_ss17/ex9/build_cmake/CMakeFiles/CMakeTmp/CheckSymbolExists.c
Linking C executable cmTC_314bd
/usr/bin/cmake -E cmake_link_script CMakeFiles/cmTC_314bd.dir/link.txt --verbose=1
/usr/bin/cc  -fPIC     CMakeFiles/cmTC_314bd.dir/CheckSymbolExists.c.o  -o cmTC_314bd -rdynamic 
CMakeFiles/cmTC_314bd.dir/CheckSymbolExists.c.o: In function `main':
CheckSymbolExists.c:(.text+0x1b): undefined reference to `pthread_create'
collect2: error: ld returned 1 exit status
CMakeFiles/cmTC_314bd.dir/build.make:97: recipe for target 'cmTC_314bd' failed
make[1]: *** [cmTC_314bd] Error 1
make[1]: Leaving directory '/usr/prakt/s153/cuda_ss17/ex9/build_cmake/CMakeFiles/CMakeTmp'
Makefile:126: recipe for target 'cmTC_314bd/fast' failed
make: *** [cmTC_314bd/fast] Error 2

File /usr/prakt/s153/cuda_ss17/ex9/build_cmake/CMakeFiles/CMakeTmp/CheckSymbolExists.c:
/* */
#include <pthread.h>

int main(int argc, char** argv)
{
  (void)argv;
#ifndef pthread_create
  return ((int*)(&pthread_create))[argc];
#else
  (void)argc;
  return 0;
#endif
}

Determining if the function pthread_create exists in the pthreads failed with the following output:
Change Dir: /usr/prakt/s153/cuda_ss17/ex9/build_cmake/CMakeFiles/CMakeTmp

Run Build Command:"/usr/bin/make" "cmTC_0992b/fast"
/usr/bin/make -f CMakeFiles/cmTC_0992b.dir/build.make CMakeFiles/cmTC_0992b.dir/build
make[1]: Entering directory '/usr/prakt/s153/cuda_ss17/ex9/build_cmake/CMakeFiles/CMakeTmp'
Building C object CMakeFiles/cmTC_0992b.dir/CheckFunctionExists.c.o
/usr/bin/cc    -fPIC -DCHECK_FUNCTION_EXISTS=pthread_create   -o CMakeFiles/cmTC_0992b.dir/CheckFunctionExists.c.o   -c /usr/share/cmake-3.5/Modules/CheckFunctionExists.c
Linking C executable cmTC_0992b
/usr/bin/cmake -E cmake_link_script CMakeFiles/cmTC_0992b.dir/link.txt --verbose=1
/usr/bin/cc  -fPIC -DCHECK_FUNCTION_EXISTS=pthread_create    CMakeFiles/cmTC_0992b.dir/CheckFunctionExists.c.o  -o cmTC_0992b -rdynamic -lpthreads 
/usr/bin/ld: cannot find -lpthreads
collect2: error: ld returned 1 exit status
CMakeFiles/cmTC_0992b.dir/build.make:97: recipe for target 'cmTC_0992b' failed
make[1]: *** [cmTC_0992b] Error 1
make[1]: Leaving directory '/usr/prakt/s153/cuda_ss17/ex9/build_cmake/CMakeFiles/CMakeTmp'
Makefile:126: recipe for target 'cmTC_0992b/fast' failed
make: *** [cmTC_0992b/fast] Error 2


