Determining if the pthread_create exist failed with the following output:
Change Dir: /usr/prakt/s153/cuda_ss17/ex10/build_cmake/CMakeFiles/CMakeTmp

Run Build Command:"/usr/bin/make" "cmTC_01a3b/fast"
/usr/bin/make -f CMakeFiles/cmTC_01a3b.dir/build.make CMakeFiles/cmTC_01a3b.dir/build
make[1]: Entering directory '/usr/prakt/s153/cuda_ss17/ex10/build_cmake/CMakeFiles/CMakeTmp'
Building C object CMakeFiles/cmTC_01a3b.dir/CheckSymbolExists.c.o
/usr/bin/cc    -fPIC    -o CMakeFiles/cmTC_01a3b.dir/CheckSymbolExists.c.o   -c /usr/prakt/s153/cuda_ss17/ex10/build_cmake/CMakeFiles/CMakeTmp/CheckSymbolExists.c
Linking C executable cmTC_01a3b
/usr/bin/cmake -E cmake_link_script CMakeFiles/cmTC_01a3b.dir/link.txt --verbose=1
/usr/bin/cc  -fPIC     CMakeFiles/cmTC_01a3b.dir/CheckSymbolExists.c.o  -o cmTC_01a3b -rdynamic 
CMakeFiles/cmTC_01a3b.dir/CheckSymbolExists.c.o: In function `main':
CheckSymbolExists.c:(.text+0x1b): undefined reference to `pthread_create'
collect2: error: ld returned 1 exit status
CMakeFiles/cmTC_01a3b.dir/build.make:97: recipe for target 'cmTC_01a3b' failed
make[1]: *** [cmTC_01a3b] Error 1
make[1]: Leaving directory '/usr/prakt/s153/cuda_ss17/ex10/build_cmake/CMakeFiles/CMakeTmp'
Makefile:126: recipe for target 'cmTC_01a3b/fast' failed
make: *** [cmTC_01a3b/fast] Error 2

File /usr/prakt/s153/cuda_ss17/ex10/build_cmake/CMakeFiles/CMakeTmp/CheckSymbolExists.c:
/* */
#include <pthread.h>

int main(int argc, char** argv)
{
  (void)argv;
#ifndef pthread_create
  return ((int*)(&pthread_create))[argc];
#else
  (void)argc;
  return 0;
#endif
}

Determining if the function pthread_create exists in the pthreads failed with the following output:
Change Dir: /usr/prakt/s153/cuda_ss17/ex10/build_cmake/CMakeFiles/CMakeTmp

Run Build Command:"/usr/bin/make" "cmTC_682c7/fast"
/usr/bin/make -f CMakeFiles/cmTC_682c7.dir/build.make CMakeFiles/cmTC_682c7.dir/build
make[1]: Entering directory '/usr/prakt/s153/cuda_ss17/ex10/build_cmake/CMakeFiles/CMakeTmp'
Building C object CMakeFiles/cmTC_682c7.dir/CheckFunctionExists.c.o
/usr/bin/cc    -fPIC -DCHECK_FUNCTION_EXISTS=pthread_create   -o CMakeFiles/cmTC_682c7.dir/CheckFunctionExists.c.o   -c /usr/share/cmake-3.5/Modules/CheckFunctionExists.c
Linking C executable cmTC_682c7
/usr/bin/cmake -E cmake_link_script CMakeFiles/cmTC_682c7.dir/link.txt --verbose=1
/usr/bin/cc  -fPIC -DCHECK_FUNCTION_EXISTS=pthread_create    CMakeFiles/cmTC_682c7.dir/CheckFunctionExists.c.o  -o cmTC_682c7 -rdynamic -lpthreads 
/usr/bin/ld: cannot find -lpthreads
collect2: error: ld returned 1 exit status
CMakeFiles/cmTC_682c7.dir/build.make:97: recipe for target 'cmTC_682c7' failed
make[1]: *** [cmTC_682c7] Error 1
make[1]: Leaving directory '/usr/prakt/s153/cuda_ss17/ex10/build_cmake/CMakeFiles/CMakeTmp'
Makefile:126: recipe for target 'cmTC_682c7/fast' failed
make: *** [cmTC_682c7/fast] Error 2


