Determining if the pthread_create exist failed with the following output:
Change Dir: /usr/prakt/s153/cuda_ss17/ex15/build_cmake/CMakeFiles/CMakeTmp

Run Build Command:"/usr/bin/make" "cmTC_57100/fast"
/usr/bin/make -f CMakeFiles/cmTC_57100.dir/build.make CMakeFiles/cmTC_57100.dir/build
make[1]: Entering directory '/usr/prakt/s153/cuda_ss17/ex15/build_cmake/CMakeFiles/CMakeTmp'
Building C object CMakeFiles/cmTC_57100.dir/CheckSymbolExists.c.o
/usr/bin/cc    -fPIC    -o CMakeFiles/cmTC_57100.dir/CheckSymbolExists.c.o   -c /usr/prakt/s153/cuda_ss17/ex15/build_cmake/CMakeFiles/CMakeTmp/CheckSymbolExists.c
Linking C executable cmTC_57100
/usr/bin/cmake -E cmake_link_script CMakeFiles/cmTC_57100.dir/link.txt --verbose=1
/usr/bin/cc  -fPIC     CMakeFiles/cmTC_57100.dir/CheckSymbolExists.c.o  -o cmTC_57100 -rdynamic 
CMakeFiles/cmTC_57100.dir/CheckSymbolExists.c.o: In function `main':
CheckSymbolExists.c:(.text+0x1b): undefined reference to `pthread_create'
collect2: error: ld returned 1 exit status
CMakeFiles/cmTC_57100.dir/build.make:97: recipe for target 'cmTC_57100' failed
make[1]: *** [cmTC_57100] Error 1
make[1]: Leaving directory '/usr/prakt/s153/cuda_ss17/ex15/build_cmake/CMakeFiles/CMakeTmp'
Makefile:126: recipe for target 'cmTC_57100/fast' failed
make: *** [cmTC_57100/fast] Error 2

File /usr/prakt/s153/cuda_ss17/ex15/build_cmake/CMakeFiles/CMakeTmp/CheckSymbolExists.c:
/* */
#include <pthread.h>

int main(int argc, char** argv)
{
  (void)argv;
#ifndef pthread_create
  return ((int*)(&pthread_create))[argc];
#else
  (void)argc;
  return 0;
#endif
}

Determining if the function pthread_create exists in the pthreads failed with the following output:
Change Dir: /usr/prakt/s153/cuda_ss17/ex15/build_cmake/CMakeFiles/CMakeTmp

Run Build Command:"/usr/bin/make" "cmTC_d18d8/fast"
/usr/bin/make -f CMakeFiles/cmTC_d18d8.dir/build.make CMakeFiles/cmTC_d18d8.dir/build
make[1]: Entering directory '/usr/prakt/s153/cuda_ss17/ex15/build_cmake/CMakeFiles/CMakeTmp'
Building C object CMakeFiles/cmTC_d18d8.dir/CheckFunctionExists.c.o
/usr/bin/cc    -fPIC -DCHECK_FUNCTION_EXISTS=pthread_create   -o CMakeFiles/cmTC_d18d8.dir/CheckFunctionExists.c.o   -c /usr/share/cmake-3.5/Modules/CheckFunctionExists.c
Linking C executable cmTC_d18d8
/usr/bin/cmake -E cmake_link_script CMakeFiles/cmTC_d18d8.dir/link.txt --verbose=1
/usr/bin/cc  -fPIC -DCHECK_FUNCTION_EXISTS=pthread_create    CMakeFiles/cmTC_d18d8.dir/CheckFunctionExists.c.o  -o cmTC_d18d8 -rdynamic -lpthreads 
/usr/bin/ld: cannot find -lpthreads
collect2: error: ld returned 1 exit status
CMakeFiles/cmTC_d18d8.dir/build.make:97: recipe for target 'cmTC_d18d8' failed
make[1]: *** [cmTC_d18d8] Error 1
make[1]: Leaving directory '/usr/prakt/s153/cuda_ss17/ex15/build_cmake/CMakeFiles/CMakeTmp'
Makefile:126: recipe for target 'cmTC_d18d8/fast' failed
make: *** [cmTC_d18d8/fast] Error 2


